<?xml version="1.0" encoding="UTF-8"?>
<!-- Generated by org.testng.reporters.JUnitReportReporter -->
<testsuite skipped="0" hostname="LAPTOP-68BDHUOB" name="com.temp.TempClass" tests="2" failures="0" timestamp="2019-09-28T18:29:42 IST" time="0.002" errors="0">
  <testcase name="secondMethod" time="0.001" classname="com.temp.TempClass"/>
  <testcase name="firstMethod" time="0.001" classname="com.temp.TempClass"/>
</testsuite> <!-- com.temp.TempClass -->
